<?xml version="1.0" encoding="UTF-8"?>
<!-- Generated by org.testng.reporters.JUnitReportReporter -->
<testsuite name="tests.CreateRecipient" tests="1" time="59.815" ignored="0" failures="0" timestamp="09 Jan 2023 11:37:23 GMT" skipped="0" hostname="DESKTOP-2PIKAKN" errors="0">
  <testcase name="createRecipient" time="59.815" classname="tests.CreateRecipient"/>
</testsuite> <!-- tests.CreateRecipient -->
