<?xml version="1.0" encoding="UTF-8"?>
<!-- Generated by org.testng.reporters.JUnitReportReporter -->
<testsuite name="tests.CreateRecipient" tests="1" time="63.328" ignored="0" failures="0" timestamp="13 Jan 2023 10:39:46 GMT" skipped="0" hostname="DESKTOP-2PIKAKN" errors="0">
  <testcase name="createRecipient" time="63.328" classname="tests.CreateRecipient"/>
</testsuite> <!-- tests.CreateRecipient -->
